2026-03-20 17:04:46 [restartedMain] INFO  ferym.project.ProjectF3Cloud - Starting ProjectF3Cloud using Java 22.0.1 with PID 10756 (C:\Users\Asus\IdeaProjects\project-f3-labs\build\classes\java\main started by Asus in C:\Users\Asus\IdeaProjects\project-f3-labs)
2026-03-20 17:04:46 [restartedMain] DEBUG ferym.project.ProjectF3Cloud - Running with Spring Boot v4.0.2, Spring v7.0.3
2026-03-20 17:04:46 [restartedMain] INFO  ferym.project.ProjectF3Cloud - No active profile set, falling back to 1 default profile: "default"
2026-03-20 17:04:46 [restartedMain] INFO  o.s.b.d.e.DevToolsPropertyDefaultsPostProcessor - Devtools property defaults active! Set 'spring.devtools.add-properties' to 'false' to disable
2026-03-20 17:04:46 [restartedMain] INFO  o.s.b.d.e.DevToolsPropertyDefaultsPostProcessor - For additional web related logging consider setting the 'logging.level.web' property to 'DEBUG'
2026-03-20 17:04:48 [restartedMain] INFO  o.s.d.r.c.RepositoryConfigurationDelegate - Bootstrapping Spring Data JPA repositories in DEFAULT mode.
2026-03-20 17:04:48 [restartedMain] INFO  o.s.d.r.c.RepositoryConfigurationDelegate - Finished Spring Data repository scanning in 101 ms. Found 5 JPA repository interfaces.
2026-03-20 17:04:50 [restartedMain] INFO  o.s.boot.tomcat.TomcatWebServer - Tomcat initialized with port 8080 (http)
2026-03-20 17:04:50 [restartedMain] INFO  o.a.catalina.core.StandardService - Starting service [Tomcat]
2026-03-20 17:04:50 [restartedMain] INFO  o.a.catalina.core.StandardEngine - Starting Servlet engine: [Apache Tomcat/11.0.15]
2026-03-20 17:04:50 [restartedMain] INFO  o.s.b.w.c.s.WebApplicationContextInitializer - Root WebApplicationContext: initialization completed in 3942 ms
2026-03-20 17:04:50 [restartedMain] INFO  org.hibernate.orm.jpa - HHH008540: Processing PersistenceUnitInfo [name: default]
2026-03-20 17:04:50 [restartedMain] INFO  org.hibernate.orm.core - HHH000001: Hibernate ORM core version 7.2.1.Final
2026-03-20 17:04:51 [restartedMain] INFO  o.s.o.j.p.SpringPersistenceUnitInfo - No LoadTimeWeaver setup: ignoring JPA class transformer
2026-03-20 17:04:51 [restartedMain] INFO  com.zaxxer.hikari.HikariDataSource - HikariPool-1 - Starting...
2026-03-20 17:04:52 [restartedMain] INFO  com.zaxxer.hikari.pool.HikariPool - HikariPool-1 - Added connection org.postgresql.jdbc.PgConnection@70cddbcf
2026-03-20 17:04:52 [restartedMain] INFO  com.zaxxer.hikari.HikariDataSource - HikariPool-1 - Start completed.
2026-03-20 17:04:52 [restartedMain] WARN  org.hibernate.orm.deprecation - HHH90000025: PostgreSQLDialect does not need to be specified explicitly using 'hibernate.dialect' (remove the property setting and it will be selected by default)
2026-03-20 17:04:52 [restartedMain] INFO  o.hibernate.orm.connections.pooling - HHH10001005: Database info:
	Database JDBC URL [jdbc:postgresql://localhost:5432/testdb]
	Database driver: PostgreSQL JDBC Driver
	Database dialect: PostgreSQLDialect
	Database version: 15.15
	Default catalog/schema: testdb/public
	Autocommit mode: undefined/unknown
	Isolation level: READ_COMMITTED [default READ_COMMITTED]
	JDBC fetch size: none
	Pool: DataSourceConnectionProvider
	Minimum pool size: undefined/unknown
	Maximum pool size: undefined/unknown
2026-03-20 17:04:55 [restartedMain] INFO  org.hibernate.orm.core - HHH000489: No JTA platform available (set 'hibernate.transaction.jta.platform' to enable JTA platform integration)
2026-03-20 17:04:55 [restartedMain] INFO  o.s.o.j.LocalContainerEntityManagerFactoryBean - Initialized JPA EntityManagerFactory for persistence unit 'default'
2026-03-20 17:04:55 [restartedMain] INFO  o.s.d.j.r.q.QueryEnhancerFactories - Hibernate is in classpath; If applicable, HQL parser will be used.
2026-03-20 17:04:58 [restartedMain] WARN  o.s.b.j.a.JpaBaseConfiguration$JpaWebConfiguration - spring.jpa.open-in-view is enabled by default. Therefore, database queries may be performed during view rendering. Explicitly configure spring.jpa.open-in-view to disable this warning
2026-03-20 17:04:59 [restartedMain] INFO  o.s.boot.tomcat.TomcatWebServer - Tomcat started on port 8080 (http) with context path '/'
2026-03-20 17:04:59 [restartedMain] INFO  ferym.project.ProjectF3Cloud - Started ProjectF3Cloud in 13.35 seconds (process running for 14.668)
2026-03-20 17:06:02 [http-nio-8080-exec-1] INFO  o.a.c.c.C.[Tomcat].[localhost].[/] - Initializing Spring DispatcherServlet 'dispatcherServlet'
2026-03-20 17:06:02 [http-nio-8080-exec-1] INFO  o.s.web.servlet.DispatcherServlet - Initializing Servlet 'dispatcherServlet'
2026-03-20 17:06:02 [http-nio-8080-exec-1] INFO  o.s.web.servlet.DispatcherServlet - Completed initialization in 3 ms
2026-03-20 17:06:02 [http-nio-8080-exec-1] WARN  f.p.exception.GlobalExceptionHandler - 404 Not Found: No static resource swagger-ui for request '/swagger-ui/'. | Path: /swagger-ui/
2026-03-20 17:06:02 [http-nio-8080-exec-1] WARN  o.s.w.s.m.m.a.ExceptionHandlerExceptionResolver - Resolved [org.springframework.web.servlet.resource.NoResourceFoundException: No static resource swagger-ui for request '/swagger-ui/'.]
2026-03-20 17:06:03 [http-nio-8080-exec-2] WARN  f.p.exception.GlobalExceptionHandler - 404 Not Found: No static resource favicon.ico for request '/favicon.ico'. | Path: /favicon.ico
2026-03-20 17:06:03 [http-nio-8080-exec-2] WARN  o.s.w.s.m.m.a.ExceptionHandlerExceptionResolver - Resolved [org.springframework.web.servlet.resource.NoResourceFoundException: No static resource favicon.ico for request '/favicon.ico'.]
2026-03-20 17:06:07 [http-nio-8080-exec-3] WARN  f.p.exception.GlobalExceptionHandler - 404 Not Found: No static resource swagger-u for request '/swagger-u'. | Path: /swagger-u
2026-03-20 17:06:07 [http-nio-8080-exec-3] WARN  o.s.w.s.m.m.a.ExceptionHandlerExceptionResolver - Resolved [org.springframework.web.servlet.resource.NoResourceFoundException: No static resource swagger-u for request '/swagger-u'.]
2026-03-20 17:06:08 [http-nio-8080-exec-4] WARN  f.p.exception.GlobalExceptionHandler - 404 Not Found: No static resource favicon.ico for request '/favicon.ico'. | Path: /favicon.ico
2026-03-20 17:06:08 [http-nio-8080-exec-4] WARN  o.s.w.s.m.m.a.ExceptionHandlerExceptionResolver - Resolved [org.springframework.web.servlet.resource.NoResourceFoundException: No static resource favicon.ico for request '/favicon.ico'.]
2026-03-20 17:06:13 [http-nio-8080-exec-2] INFO  o.s.api.AbstractOpenApiResource - Init duration for springdoc-openapi is: 719 ms
2026-03-20 17:06:51 [http-nio-8080-exec-4] INFO  f.project.aspect.ExecutionTimeAspect - Method InstanceService.create(..) executed by 363 ms
2026-03-20 17:06:55 [http-nio-8080-exec-6] INFO  f.project.aspect.ExecutionTimeAspect - Method InstanceService.getAll() executed by 49 ms
2026-03-20 17:07:27 [http-nio-8080-exec-10] INFO  f.project.aspect.ExecutionTimeAspect - Method SoftwareService.getAll() executed by 8 ms
2026-03-20 18:17:43 [HikariPool-1:housekeeper] WARN  com.zaxxer.hikari.pool.HikariPool - HikariPool-1 - Thread starvation or clock leap detected (housekeeper delta=16m50s64ms310µs100ns).
2026-03-20 18:17:51 [SpringApplicationShutdownHook] INFO  o.s.boot.tomcat.GracefulShutdown - Commencing graceful shutdown. Waiting for active requests to complete
2026-03-20 18:17:51 [tomcat-shutdown] INFO  o.s.boot.tomcat.GracefulShutdown - Graceful shutdown complete
2026-03-20 18:17:51 [SpringApplicationShutdownHook] INFO  o.s.o.j.LocalContainerEntityManagerFactoryBean - Closing JPA EntityManagerFactory for persistence unit 'default'
2026-03-20 18:17:51 [SpringApplicationShutdownHook] INFO  com.zaxxer.hikari.HikariDataSource - HikariPool-1 - Shutdown initiated...
2026-03-20 18:17:51 [SpringApplicationShutdownHook] INFO  com.zaxxer.hikari.HikariDataSource - HikariPool-1 - Shutdown completed.
